<?xml version="1.0" encoding="UTF-8"?>
<!-- Generated by org.testng.reporters.JUnitReportReporter -->
<testsuite hostname="DESKTOP-RETJKVB" failures="0" tests="1" name="mavenforjenkins.UITest" time="9.268" errors="0" timestamp="2023-07-19T13:48:18 IST" skipped="0">
  <testcase classname="mavenforjenkins.UITest" name="startBrowser" time="9.268"/>
  <system-out/>
</testsuite> <!-- mavenforjenkins.UITest -->
